<?xml version="1.0" encoding="UTF-8"?>
<!-- Generated by org.testng.reporters.JUnitReportReporter -->
<testsuite hostname="DESKTOP-LGIR7FS" failures="0" tests="1" name="Tests.WafiLifeAuthorsTest" time="23.564" errors="0" timestamp="2023-04-03T02:08:33 BDT" skipped="0">
  <testcase classname="Tests.WafiLifeAuthorsTest" name="gotoAuthor" time="23.564"/>
  <system-out/>
</testsuite> <!-- Tests.WafiLifeAuthorsTest -->
