<?xml version="1.0" encoding="UTF-8"?>
<!-- Generated by org.testng.reporters.JUnitReportReporter -->
<testsuite hostname="DESKTOP-LGIR7FS" failures="0" tests="1" name="Tests.WafiLifeTest" time="59.695" errors="0" timestamp="2023-04-07T02:04:29 BDT" skipped="0">
  <testcase classname="Tests.WafiLifeTest" name="visitWafilife" time="59.695"/>
  <system-out/>
</testsuite> <!-- Tests.WafiLifeTest -->
