<?xml version="1.0" encoding="UTF-8"?>
<!-- Generated by org.testng.reporters.JUnitReportReporter -->
<testsuite hostname="DESKTOP-LGIR7FS" failures="0" tests="1" name="Tests.WafiLifeTest" time="63.531" errors="0" timestamp="2023-04-09T01:11:01 BDT" skipped="0">
  <testcase classname="Tests.WafiLifeTest" name="visitWafilife" time="63.531"/>
  <system-out/>
</testsuite> <!-- Tests.WafiLifeTest -->
